<?xml version="1.0" encoding="UTF-8"?>
<robot generator="Robot 4.0.1 (Python 3.9.5 on win32)" generated="20210507 21:32:34.133" rpa="false" schemaversion="2">
<suite id="s1" name="Tests" source="C:\rw5\parodifood\tests">
<suite id="s1-s1" name="Busca" source="C:\rw5\parodifood\tests\busca.robot">
<test id="s1-s1-t1" name="Deve buscar um único restaurante">
<kw name="Start Session" library="base" type="SETUP">
<kw name="New Browser" library="Browser">
<arg>${browser}</arg>
<arg>${headless}</arg>
<tag>BrowserControl</tag>
<tag>Setter</tag>
<doc>Create a new playwright Browser with specified options.
See `Browser, Context and Page` for more information about Browser and related concepts.</doc>
<msg timestamp="20210507 21:32:35.695" level="INFO">{"browser": "webkit", "headless": false, "handleSIGINT": true, "handleSIGTERM": true, "handleSIGHUP": true, "timeout": 30000.0, "devtools": false, "slowMo": 0.0}</msg>
<msg timestamp="20210507 21:32:35.781" level="INFO">Successfully created browser with options: {"browser":"webkit","headless":false,"handleSIGINT":true,"handleSIGTERM":true,"handleSIGHUP":true,"timeout":30000,"devtools":false,"slowMo":0}</msg>
<status status="PASS" starttime="20210507 21:32:35.694" endtime="20210507 21:32:35.781"/>
</kw>
<kw name="New Page" library="Browser">
<arg>http://parodifood.qaninja.academy/</arg>
<tag>BrowserControl</tag>
<tag>Setter</tag>
<doc>Open a new Page. A Page is the Playwright equivalent to a tab.
See `Browser, Context and Page` for more information about Page concept.
Returns a stable identifier for the created page.</doc>
<msg timestamp="20210507 21:32:39.114" level="INFO">Successfully initialized new page object and opened url: http://parodifood.qaninja.academy/</msg>
<status status="PASS" starttime="20210507 21:32:35.782" endtime="20210507 21:32:39.115"/>
</kw>
<kw name="Set Viewport Size" library="Browser">
<arg>1920</arg>
<arg>1080</arg>
<tag>BrowserControl</tag>
<tag>Setter</tag>
<doc>Sets current Pages viewport size to specified dimensions.</doc>
<msg timestamp="20210507 21:32:39.533" level="INFO">Set viewport size to: [object Object]</msg>
<status status="PASS" starttime="20210507 21:32:39.116" endtime="20210507 21:32:39.533"/>
</kw>
<kw name="Get Text" library="Browser">
<arg>css=span</arg>
<arg>contains</arg>
<arg>Nunca foi tão engraçado pedir comida</arg>
<tag>Assertion</tag>
<tag>Getter</tag>
<tag>PageContent</tag>
<doc>Returns text attribute of the element found by ``selector``.
See the `Finding elements` section for details about the selectors.</doc>
<status status="PASS" starttime="20210507 21:32:39.536" endtime="20210507 21:32:39.632"/>
</kw>
<status status="PASS" starttime="20210507 21:32:35.693" endtime="20210507 21:32:39.632"/>
</kw>
<kw name="Go To Restaurants" library="search">
<kw name="Click" library="Browser">
<arg>text=Estou com fome!</arg>
<tag>PageContent</tag>
<tag>Setter</tag>
<doc>Simulates mouse click on the element found by ``selector``.</doc>
<status status="PASS" starttime="20210507 21:32:39.634" endtime="20210507 21:32:40.117"/>
</kw>
<kw name="Get Text" library="Browser">
<arg>css=h1 strong</arg>
<arg>contains</arg>
<arg>Ta na hora de matar a fome!</arg>
<tag>Assertion</tag>
<tag>Getter</tag>
<tag>PageContent</tag>
<doc>Returns text attribute of the element found by ``selector``.
See the `Finding elements` section for details about the selectors.</doc>
<status status="PASS" starttime="20210507 21:32:40.118" endtime="20210507 21:32:40.173"/>
</kw>
<status status="PASS" starttime="20210507 21:32:39.633" endtime="20210507 21:32:40.174"/>
</kw>
<kw name="Search By" library="search">
<arg>Debuger</arg>
<kw name="Click" library="Browser">
<arg>css=.search-link</arg>
<tag>PageContent</tag>
<tag>Setter</tag>
<doc>Simulates mouse click on the element found by ``selector``.</doc>
<status status="PASS" starttime="20210507 21:32:40.175" endtime="20210507 21:32:40.515"/>
</kw>
<kw name="Fill Text" library="Browser">
<arg>css=input[formcontrolname="searchControl"]</arg>
<arg>${value}</arg>
<tag>PageContent</tag>
<tag>Setter</tag>
<doc>Clears and fills the given ``text`` into the text field found by ``selector``.</doc>
<msg timestamp="20210507 21:32:40.516" level="INFO">Fills the text 'Debuger' in the given field.</msg>
<status status="PASS" starttime="20210507 21:32:40.516" endtime="20210507 21:32:40.625"/>
</kw>
<status status="PASS" starttime="20210507 21:32:40.174" endtime="20210507 21:32:40.626"/>
</kw>
<kw name="Restaurant Should Be Visible" library="search">
<arg>DEBUGER KING</arg>
<kw name="Wait For Elements State" library="Browser">
<arg>${DIV_BOX_RESTAURANT}</arg>
<arg>visible</arg>
<arg>${DEFAULT_TIMEOUT}</arg>
<arg>Elemento não foi encontrado</arg>
<tag>PageContent</tag>
<tag>Wait</tag>
<doc>Waits for the element found by ``selector`` to satisfy state option.</doc>
<msg timestamp="20210507 21:32:46.784" level="INFO">Wait for Element with selector: css=div[class="place-info-box"][style="opacity: 1;"]</msg>
<status status="PASS" starttime="20210507 21:32:40.693" endtime="20210507 21:32:46.784"/>
</kw>
<kw name="Get Text" library="Browser">
<arg>${DIV_BOX_RESTAURANT}</arg>
<arg>contains</arg>
<arg>${name}</arg>
<tag>Assertion</tag>
<tag>Getter</tag>
<tag>PageContent</tag>
<doc>Returns text attribute of the element found by ``selector``.
See the `Finding elements` section for details about the selectors.</doc>
<status status="PASS" starttime="20210507 21:32:46.785" endtime="20210507 21:32:46.824"/>
</kw>
<status status="PASS" starttime="20210507 21:32:40.692" endtime="20210507 21:32:46.824"/>
</kw>
<kw name="Restaurant Count Should Be" library="search">
<arg>1</arg>
<kw name="Wait For Elements State" library="Browser">
<arg>${DIV_BOX_RESTAURANT}</arg>
<arg>visible</arg>
<arg>${DEFAULT_TIMEOUT}</arg>
<tag>PageContent</tag>
<tag>Wait</tag>
<doc>Waits for the element found by ``selector`` to satisfy state option.</doc>
<msg timestamp="20210507 21:32:46.845" level="INFO">Wait for Element with selector: css=div[class="place-info-box"][style="opacity: 1;"]</msg>
<status status="PASS" starttime="20210507 21:32:46.826" endtime="20210507 21:32:46.845"/>
</kw>
<kw name="Get Element Count" library="Browser">
<arg>${DIV_BOX_RESTAURANT}</arg>
<arg>equal</arg>
<arg>${qtd}</arg>
<tag>Assertion</tag>
<tag>Getter</tag>
<tag>PageContent</tag>
<doc>Returns the count of elements found with ``selector``.</doc>
<status status="PASS" starttime="20210507 21:32:46.845" endtime="20210507 21:32:46.859"/>
</kw>
<status status="PASS" starttime="20210507 21:32:46.825" endtime="20210507 21:32:46.859"/>
</kw>
<kw name="Take Screenshot" library="Browser" type="TEARDOWN">
<tag>PageContent</tag>
<doc>Takes a screenshot of the current window and saves it to ``path``. Saves it as a png.</doc>
<msg timestamp="20210507 21:32:46.966" level="INFO" html="true">&lt;/td&gt;&lt;/tr&gt;&lt;tr&gt;&lt;td colspan="3"&gt;&lt;a href="browser/screenshot/robotframework-browser-screenshot-1.png"&gt;&lt;img src="browser/screenshot/robotframework-browser-screenshot-1.png" width="800px"&gt;&lt;/a&gt;</msg>
<status status="PASS" starttime="20210507 21:32:46.860" endtime="20210507 21:32:46.966"/>
</kw>
<status status="PASS" starttime="20210507 21:32:35.688" endtime="20210507 21:32:46.967"/>
</test>
<test id="s1-s1-t2" name="Deve buscar por categoria">
<kw name="Start Session" library="base" type="SETUP">
<kw name="New Browser" library="Browser">
<arg>${browser}</arg>
<arg>${headless}</arg>
<tag>BrowserControl</tag>
<tag>Setter</tag>
<doc>Create a new playwright Browser with specified options.
See `Browser, Context and Page` for more information about Browser and related concepts.</doc>
<msg timestamp="20210507 21:32:47.104" level="INFO">{"browser": "webkit", "headless": false, "handleSIGINT": true, "handleSIGTERM": true, "handleSIGHUP": true, "timeout": 30000.0, "devtools": false, "slowMo": 0.0}</msg>
<msg timestamp="20210507 21:32:47.196" level="INFO">Successfully created browser with options: {"browser":"webkit","headless":false,"handleSIGINT":true,"handleSIGTERM":true,"handleSIGHUP":true,"timeout":30000,"devtools":false,"slowMo":0}</msg>
<status status="PASS" starttime="20210507 21:32:47.103" endtime="20210507 21:32:47.197"/>
</kw>
<kw name="New Page" library="Browser">
<arg>http://parodifood.qaninja.academy/</arg>
<tag>BrowserControl</tag>
<tag>Setter</tag>
<doc>Open a new Page. A Page is the Playwright equivalent to a tab.
See `Browser, Context and Page` for more information about Page concept.
Returns a stable identifier for the created page.</doc>
<msg timestamp="20210507 21:32:50.702" level="INFO">Successfully initialized new page object and opened url: http://parodifood.qaninja.academy/</msg>
<status status="PASS" starttime="20210507 21:32:47.197" endtime="20210507 21:32:50.703"/>
</kw>
<kw name="Set Viewport Size" library="Browser">
<arg>1920</arg>
<arg>1080</arg>
<tag>BrowserControl</tag>
<tag>Setter</tag>
<doc>Sets current Pages viewport size to specified dimensions.</doc>
<msg timestamp="20210507 21:32:51.004" level="INFO">Set viewport size to: [object Object]</msg>
<status status="PASS" starttime="20210507 21:32:50.703" endtime="20210507 21:32:51.005"/>
</kw>
<kw name="Get Text" library="Browser">
<arg>css=span</arg>
<arg>contains</arg>
<arg>Nunca foi tão engraçado pedir comida</arg>
<tag>Assertion</tag>
<tag>Getter</tag>
<tag>PageContent</tag>
<doc>Returns text attribute of the element found by ``selector``.
See the `Finding elements` section for details about the selectors.</doc>
<status status="PASS" starttime="20210507 21:32:51.005" endtime="20210507 21:32:51.081"/>
</kw>
<status status="PASS" starttime="20210507 21:32:47.102" endtime="20210507 21:32:51.081"/>
</kw>
<kw name="Go To Restaurants" library="search">
<kw name="Click" library="Browser">
<arg>text=Estou com fome!</arg>
<tag>PageContent</tag>
<tag>Setter</tag>
<doc>Simulates mouse click on the element found by ``selector``.</doc>
<status status="PASS" starttime="20210507 21:32:51.082" endtime="20210507 21:32:51.516"/>
</kw>
<kw name="Get Text" library="Browser">
<arg>css=h1 strong</arg>
<arg>contains</arg>
<arg>Ta na hora de matar a fome!</arg>
<tag>Assertion</tag>
<tag>Getter</tag>
<tag>PageContent</tag>
<doc>Returns text attribute of the element found by ``selector``.
See the `Finding elements` section for details about the selectors.</doc>
<status status="PASS" starttime="20210507 21:32:51.517" endtime="20210507 21:32:51.585"/>
</kw>
<status status="PASS" starttime="20210507 21:32:51.082" endtime="20210507 21:32:51.585"/>
</kw>
<kw name="Search By" library="search">
<arg>Cafe</arg>
<kw name="Click" library="Browser">
<arg>css=.search-link</arg>
<tag>PageContent</tag>
<tag>Setter</tag>
<doc>Simulates mouse click on the element found by ``selector``.</doc>
<status status="PASS" starttime="20210507 21:32:51.587" endtime="20210507 21:32:51.905"/>
</kw>
<kw name="Fill Text" library="Browser">
<arg>css=input[formcontrolname="searchControl"]</arg>
<arg>${value}</arg>
<tag>PageContent</tag>
<tag>Setter</tag>
<doc>Clears and fills the given ``text`` into the text field found by ``selector``.</doc>
<msg timestamp="20210507 21:32:51.906" level="INFO">Fills the text 'Cafe' in the given field.</msg>
<status status="PASS" starttime="20210507 21:32:51.905" endtime="20210507 21:32:51.975"/>
</kw>
<status status="PASS" starttime="20210507 21:32:51.586" endtime="20210507 21:32:51.975"/>
</kw>
<kw name="Restaurant Should Be Visible" library="search">
<arg>STARBUGS COFFEE</arg>
<kw name="Wait For Elements State" library="Browser">
<arg>${DIV_BOX_RESTAURANT}</arg>
<arg>visible</arg>
<arg>${DEFAULT_TIMEOUT}</arg>
<arg>Elemento não foi encontrado</arg>
<tag>PageContent</tag>
<tag>Wait</tag>
<doc>Waits for the element found by ``selector`` to satisfy state option.</doc>
<msg timestamp="20210507 21:32:52.584" level="INFO">Wait for Element with selector: css=div[class="place-info-box"][style="opacity: 1;"]</msg>
<status status="PASS" starttime="20210507 21:32:51.977" endtime="20210507 21:32:52.584"/>
</kw>
<kw name="Get Text" library="Browser">
<arg>${DIV_BOX_RESTAURANT}</arg>
<arg>contains</arg>
<arg>${name}</arg>
<tag>Assertion</tag>
<tag>Getter</tag>
<tag>PageContent</tag>
<doc>Returns text attribute of the element found by ``selector``.
See the `Finding elements` section for details about the selectors.</doc>
<status status="PASS" starttime="20210507 21:32:52.585" endtime="20210507 21:32:53.243"/>
</kw>
<status status="PASS" starttime="20210507 21:32:51.976" endtime="20210507 21:32:53.243"/>
</kw>
<kw name="Take Screenshot" library="Browser" type="TEARDOWN">
<tag>PageContent</tag>
<doc>Takes a screenshot of the current window and saves it to ``path``. Saves it as a png.</doc>
<msg timestamp="20210507 21:32:53.366" level="INFO" html="true">&lt;/td&gt;&lt;/tr&gt;&lt;tr&gt;&lt;td colspan="3"&gt;&lt;a href="browser/screenshot/robotframework-browser-screenshot-2.png"&gt;&lt;img src="browser/screenshot/robotframework-browser-screenshot-2.png" width="800px"&gt;&lt;/a&gt;</msg>
<status status="PASS" starttime="20210507 21:32:53.244" endtime="20210507 21:32:53.366"/>
</kw>
<status status="PASS" starttime="20210507 21:32:47.092" endtime="20210507 21:32:53.367"/>
</test>
<test id="s1-s1-t3" name="Deve buscar todos os restaurantes">
<kw name="Start Session" library="base" type="SETUP">
<kw name="New Browser" library="Browser">
<arg>${browser}</arg>
<arg>${headless}</arg>
<tag>BrowserControl</tag>
<tag>Setter</tag>
<doc>Create a new playwright Browser with specified options.
See `Browser, Context and Page` for more information about Browser and related concepts.</doc>
<msg timestamp="20210507 21:32:53.481" level="INFO">{"browser": "webkit", "headless": false, "handleSIGINT": true, "handleSIGTERM": true, "handleSIGHUP": true, "timeout": 30000.0, "devtools": false, "slowMo": 0.0}</msg>
<msg timestamp="20210507 21:32:53.593" level="INFO">Successfully created browser with options: {"browser":"webkit","headless":false,"handleSIGINT":true,"handleSIGTERM":true,"handleSIGHUP":true,"timeout":30000,"devtools":false,"slowMo":0}</msg>
<status status="PASS" starttime="20210507 21:32:53.480" endtime="20210507 21:32:53.594"/>
</kw>
<kw name="New Page" library="Browser">
<arg>http://parodifood.qaninja.academy/</arg>
<tag>BrowserControl</tag>
<tag>Setter</tag>
<doc>Open a new Page. A Page is the Playwright equivalent to a tab.
See `Browser, Context and Page` for more information about Page concept.
Returns a stable identifier for the created page.</doc>
<msg timestamp="20210507 21:32:56.967" level="INFO">Successfully initialized new page object and opened url: http://parodifood.qaninja.academy/</msg>
<status status="PASS" starttime="20210507 21:32:53.594" endtime="20210507 21:32:56.968"/>
</kw>
<kw name="Set Viewport Size" library="Browser">
<arg>1920</arg>
<arg>1080</arg>
<tag>BrowserControl</tag>
<tag>Setter</tag>
<doc>Sets current Pages viewport size to specified dimensions.</doc>
<msg timestamp="20210507 21:32:57.253" level="INFO">Set viewport size to: [object Object]</msg>
<status status="PASS" starttime="20210507 21:32:56.968" endtime="20210507 21:32:57.253"/>
</kw>
<kw name="Get Text" library="Browser">
<arg>css=span</arg>
<arg>contains</arg>
<arg>Nunca foi tão engraçado pedir comida</arg>
<tag>Assertion</tag>
<tag>Getter</tag>
<tag>PageContent</tag>
<doc>Returns text attribute of the element found by ``selector``.
See the `Finding elements` section for details about the selectors.</doc>
<status status="PASS" starttime="20210507 21:32:57.254" endtime="20210507 21:32:57.335"/>
</kw>
<status status="PASS" starttime="20210507 21:32:53.479" endtime="20210507 21:32:57.335"/>
</kw>
<kw name="Go To Restaurants" library="search">
<kw name="Click" library="Browser">
<arg>text=Estou com fome!</arg>
<tag>PageContent</tag>
<tag>Setter</tag>
<doc>Simulates mouse click on the element found by ``selector``.</doc>
<status status="PASS" starttime="20210507 21:32:57.337" endtime="20210507 21:32:57.750"/>
</kw>
<kw name="Get Text" library="Browser">
<arg>css=h1 strong</arg>
<arg>contains</arg>
<arg>Ta na hora de matar a fome!</arg>
<tag>Assertion</tag>
<tag>Getter</tag>
<tag>PageContent</tag>
<doc>Returns text attribute of the element found by ``selector``.
See the `Finding elements` section for details about the selectors.</doc>
<status status="PASS" starttime="20210507 21:32:57.751" endtime="20210507 21:32:57.816"/>
</kw>
<status status="PASS" starttime="20210507 21:32:57.336" endtime="20210507 21:32:57.817"/>
</kw>
<kw name="Search By" library="search">
<arg>a</arg>
<kw name="Click" library="Browser">
<arg>css=.search-link</arg>
<tag>PageContent</tag>
<tag>Setter</tag>
<doc>Simulates mouse click on the element found by ``selector``.</doc>
<status status="PASS" starttime="20210507 21:32:57.818" endtime="20210507 21:32:58.127"/>
</kw>
<kw name="Fill Text" library="Browser">
<arg>css=input[formcontrolname="searchControl"]</arg>
<arg>${value}</arg>
<tag>PageContent</tag>
<tag>Setter</tag>
<doc>Clears and fills the given ``text`` into the text field found by ``selector``.</doc>
<msg timestamp="20210507 21:32:58.128" level="INFO">Fills the text 'a' in the given field.</msg>
<status status="PASS" starttime="20210507 21:32:58.127" endtime="20210507 21:32:58.201"/>
</kw>
<status status="PASS" starttime="20210507 21:32:57.817" endtime="20210507 21:32:58.202"/>
</kw>
<kw name="Restaurant Count Should Be" library="search">
<arg>5</arg>
<kw name="Wait For Elements State" library="Browser">
<arg>${DIV_BOX_RESTAURANT}</arg>
<arg>visible</arg>
<arg>${DEFAULT_TIMEOUT}</arg>
<tag>PageContent</tag>
<tag>Wait</tag>
<doc>Waits for the element found by ``selector`` to satisfy state option.</doc>
<msg timestamp="20210507 21:32:58.991" level="INFO">Wait for Element with selector: css=div[class="place-info-box"][style="opacity: 1;"]</msg>
<status status="PASS" starttime="20210507 21:32:58.203" endtime="20210507 21:32:58.991"/>
</kw>
<kw name="Get Element Count" library="Browser">
<arg>${DIV_BOX_RESTAURANT}</arg>
<arg>equal</arg>
<arg>${qtd}</arg>
<tag>Assertion</tag>
<tag>Getter</tag>
<tag>PageContent</tag>
<doc>Returns the count of elements found with ``selector``.</doc>
<status status="PASS" starttime="20210507 21:32:58.991" endtime="20210507 21:32:59.010"/>
</kw>
<status status="PASS" starttime="20210507 21:32:58.202" endtime="20210507 21:32:59.010"/>
</kw>
<kw name="Take Screenshot" library="Browser" type="TEARDOWN">
<tag>PageContent</tag>
<doc>Takes a screenshot of the current window and saves it to ``path``. Saves it as a png.</doc>
<msg timestamp="20210507 21:32:59.135" level="INFO" html="true">&lt;/td&gt;&lt;/tr&gt;&lt;tr&gt;&lt;td colspan="3"&gt;&lt;a href="browser/screenshot/robotframework-browser-screenshot-3.png"&gt;&lt;img src="browser/screenshot/robotframework-browser-screenshot-3.png" width="800px"&gt;&lt;/a&gt;</msg>
<status status="PASS" starttime="20210507 21:32:59.011" endtime="20210507 21:32:59.135"/>
</kw>
<status status="PASS" starttime="20210507 21:32:53.467" endtime="20210507 21:32:59.136"/>
</test>
<status status="PASS" starttime="20210507 21:32:34.187" endtime="20210507 21:32:59.284"/>
</suite>
<suite id="s1-s2" name="Carrinho" source="C:\rw5\parodifood\tests\carrinho.robot">
<test id="s1-s2-t1" name="Deve adicionar um item ao carrinho">
<kw name="Start Session" library="base" type="SETUP">
<kw name="New Browser" library="Browser">
<arg>${browser}</arg>
<arg>${headless}</arg>
<tag>BrowserControl</tag>
<tag>Setter</tag>
<doc>Create a new playwright Browser with specified options.
See `Browser, Context and Page` for more information about Browser and related concepts.</doc>
<msg timestamp="20210507 21:32:59.362" level="INFO">{"browser": "webkit", "headless": false, "handleSIGINT": true, "handleSIGTERM": true, "handleSIGHUP": true, "timeout": 30000.0, "devtools": false, "slowMo": 0.0}</msg>
<msg timestamp="20210507 21:32:59.443" level="INFO">Successfully created browser with options: {"browser":"webkit","headless":false,"handleSIGINT":true,"handleSIGTERM":true,"handleSIGHUP":true,"timeout":30000,"devtools":false,"slowMo":0}</msg>
<status status="PASS" starttime="20210507 21:32:59.361" endtime="20210507 21:32:59.443"/>
</kw>
<kw name="New Page" library="Browser">
<arg>http://parodifood.qaninja.academy/</arg>
<tag>BrowserControl</tag>
<tag>Setter</tag>
<doc>Open a new Page. A Page is the Playwright equivalent to a tab.
See `Browser, Context and Page` for more information about Page concept.
Returns a stable identifier for the created page.</doc>
<msg timestamp="20210507 21:33:02.819" level="INFO">Successfully initialized new page object and opened url: http://parodifood.qaninja.academy/</msg>
<status status="PASS" starttime="20210507 21:32:59.444" endtime="20210507 21:33:02.820"/>
</kw>
<kw name="Set Viewport Size" library="Browser">
<arg>1920</arg>
<arg>1080</arg>
<tag>BrowserControl</tag>
<tag>Setter</tag>
<doc>Sets current Pages viewport size to specified dimensions.</doc>
<msg timestamp="20210507 21:33:03.109" level="INFO">Set viewport size to: [object Object]</msg>
<status status="PASS" starttime="20210507 21:33:02.820" endtime="20210507 21:33:03.109"/>
</kw>
<kw name="Get Text" library="Browser">
<arg>css=span</arg>
<arg>contains</arg>
<arg>Nunca foi tão engraçado pedir comida</arg>
<tag>Assertion</tag>
<tag>Getter</tag>
<tag>PageContent</tag>
<doc>Returns text attribute of the element found by ``selector``.
See the `Finding elements` section for details about the selectors.</doc>
<status status="PASS" starttime="20210507 21:33:03.109" endtime="20210507 21:33:03.181"/>
</kw>
<status status="PASS" starttime="20210507 21:32:59.360" endtime="20210507 21:33:03.181"/>
</kw>
<kw name="Create Dictionary" library="BuiltIn">
<var>&amp;{restaurant}</var>
<arg>restaurant=STARBUGS COFFEE</arg>
<arg>desc=Nada melhor que um café pra te ajudar a resolver um bug.</arg>
<doc>Creates and returns a dictionary based on the given ``items``.</doc>
<msg timestamp="20210507 21:33:03.183" level="INFO">&amp;{restaurant} = { restaurant=STARBUGS COFFEE | desc=Nada melhor que um café pra te ajudar a resolver um bug. }</msg>
<status status="PASS" starttime="20210507 21:33:03.182" endtime="20210507 21:33:03.183"/>
</kw>
<kw name="Go To Restaurants" library="search">
<kw name="Click" library="Browser">
<arg>text=Estou com fome!</arg>
<tag>PageContent</tag>
<tag>Setter</tag>
<doc>Simulates mouse click on the element found by ``selector``.</doc>
<status status="PASS" starttime="20210507 21:33:03.184" endtime="20210507 21:33:03.602"/>
</kw>
<kw name="Get Text" library="Browser">
<arg>css=h1 strong</arg>
<arg>contains</arg>
<arg>Ta na hora de matar a fome!</arg>
<tag>Assertion</tag>
<tag>Getter</tag>
<tag>PageContent</tag>
<doc>Returns text attribute of the element found by ``selector``.
See the `Finding elements` section for details about the selectors.</doc>
<status status="PASS" starttime="20210507 21:33:03.603" endtime="20210507 21:33:03.652"/>
</kw>
<status status="PASS" starttime="20210507 21:33:03.183" endtime="20210507 21:33:03.652"/>
</kw>
<kw name="Choose Restaurant" library="search">
<arg>${restaurant}</arg>
<kw name="Click" library="Browser">
<arg>text=${super_var["restaurant"]}</arg>
<tag>PageContent</tag>
<tag>Setter</tag>
<doc>Simulates mouse click on the element found by ``selector``.</doc>
<status status="PASS" starttime="20210507 21:33:03.654" endtime="20210507 21:33:05.042"/>
</kw>
<kw name="Wait For Elements State" library="Browser">
<arg>css=#detail</arg>
<arg>visible</arg>
<arg>${DEFAULT_TIMEOUT}</arg>
<tag>PageContent</tag>
<tag>Wait</tag>
<doc>Waits for the element found by ``selector`` to satisfy state option.</doc>
<msg timestamp="20210507 21:33:05.074" level="INFO">Wait for Element with selector: css=#detail</msg>
<status status="PASS" starttime="20210507 21:33:05.042" endtime="20210507 21:33:05.074"/>
</kw>
<kw name="Get Text" library="Browser">
<arg>css=#detail</arg>
<arg>contains</arg>
<arg>${super_var["desc"]}</arg>
<tag>Assertion</tag>
<tag>Getter</tag>
<tag>PageContent</tag>
<doc>Returns text attribute of the element found by ``selector``.
See the `Finding elements` section for details about the selectors.</doc>
<status status="PASS" starttime="20210507 21:33:05.075" endtime="20210507 21:33:05.770"/>
</kw>
<status status="PASS" starttime="20210507 21:33:03.653" endtime="20210507 21:33:05.770"/>
</kw>
<kw name="Add To Cart" library="cart">
<arg>Starbugs 500 error</arg>
<kw name="Click" library="Browser">
<arg>xpath=//span[text()="${name}"]/..//a[@class="add-to-cart"]</arg>
<tag>PageContent</tag>
<tag>Setter</tag>
<doc>Simulates mouse click on the element found by ``selector``.</doc>
<status status="PASS" starttime="20210507 21:33:05.771" endtime="20210507 21:33:06.959"/>
</kw>
<status status="PASS" starttime="20210507 21:33:05.771" endtime="20210507 21:33:06.959"/>
</kw>
<kw name="Should Add To Cart" library="cart">
<arg>Starbugs 500 error</arg>
<kw name="Wait For Elements State" library="Browser">
<arg>css=#cart tr &gt;&gt; text=${name}</arg>
<arg>visible</arg>
<arg>${DEFAULT_TIMEOUT}</arg>
<tag>PageContent</tag>
<tag>Wait</tag>
<doc>Waits for the element found by ``selector`` to satisfy state option.</doc>
<msg timestamp="20210507 21:33:07.120" level="INFO">Wait for Element with selector: css=#cart tr &gt;&gt; text=Starbugs 500 error</msg>
<status status="PASS" starttime="20210507 21:33:06.960" endtime="20210507 21:33:07.120"/>
</kw>
<status status="PASS" starttime="20210507 21:33:06.960" endtime="20210507 21:33:07.121"/>
</kw>
<kw name="Total Cart Should Be" library="cart">
<arg>15,60</arg>
<kw name="Log" library="BuiltIn">
<arg>${total}</arg>
<doc>Logs the given message with the given level.</doc>
<msg timestamp="20210507 21:33:07.123" level="INFO">15,60</msg>
<status status="PASS" starttime="20210507 21:33:07.122" endtime="20210507 21:33:07.123"/>
</kw>
<kw name="Get Text" library="Browser">
<arg>xpath=//th[contains(text(),"Total")]/../td</arg>
<arg>contains</arg>
<arg>${total}</arg>
<tag>Assertion</tag>
<tag>Getter</tag>
<tag>PageContent</tag>
<doc>Returns text attribute of the element found by ``selector``.
See the `Finding elements` section for details about the selectors.</doc>
<status status="PASS" starttime="20210507 21:33:07.123" endtime="20210507 21:33:07.174"/>
</kw>
<status status="PASS" starttime="20210507 21:33:07.122" endtime="20210507 21:33:07.175"/>
</kw>
<kw name="Take Screenshot" library="Browser" type="TEARDOWN">
<tag>PageContent</tag>
<doc>Takes a screenshot of the current window and saves it to ``path``. Saves it as a png.</doc>
<msg timestamp="20210507 21:33:07.346" level="INFO" html="true">&lt;/td&gt;&lt;/tr&gt;&lt;tr&gt;&lt;td colspan="3"&gt;&lt;a href="browser/screenshot/robotframework-browser-screenshot-4.png"&gt;&lt;img src="browser/screenshot/robotframework-browser-screenshot-4.png" width="800px"&gt;&lt;/a&gt;</msg>
<status status="PASS" starttime="20210507 21:33:07.175" endtime="20210507 21:33:07.346"/>
</kw>
<status status="PASS" starttime="20210507 21:32:59.353" endtime="20210507 21:33:07.347"/>
</test>
<test id="s1-s2-t2" name="Deve adicionar 3 itens ao carrinho">
<kw name="Start Session" library="base" type="SETUP">
<kw name="New Browser" library="Browser">
<arg>${browser}</arg>
<arg>${headless}</arg>
<tag>BrowserControl</tag>
<tag>Setter</tag>
<doc>Create a new playwright Browser with specified options.
See `Browser, Context and Page` for more information about Browser and related concepts.</doc>
<msg timestamp="20210507 21:33:07.500" level="INFO">{"browser": "webkit", "headless": false, "handleSIGINT": true, "handleSIGTERM": true, "handleSIGHUP": true, "timeout": 30000.0, "devtools": false, "slowMo": 0.0}</msg>
<msg timestamp="20210507 21:33:07.611" level="INFO">Successfully created browser with options: {"browser":"webkit","headless":false,"handleSIGINT":true,"handleSIGTERM":true,"handleSIGHUP":true,"timeout":30000,"devtools":false,"slowMo":0}</msg>
<status status="PASS" starttime="20210507 21:33:07.499" endtime="20210507 21:33:07.612"/>
</kw>
<kw name="New Page" library="Browser">
<arg>http://parodifood.qaninja.academy/</arg>
<tag>BrowserControl</tag>
<tag>Setter</tag>
<doc>Open a new Page. A Page is the Playwright equivalent to a tab.
See `Browser, Context and Page` for more information about Page concept.
Returns a stable identifier for the created page.</doc>
<msg timestamp="20210507 21:33:10.888" level="INFO">Successfully initialized new page object and opened url: http://parodifood.qaninja.academy/</msg>
<status status="PASS" starttime="20210507 21:33:07.612" endtime="20210507 21:33:10.889"/>
</kw>
<kw name="Set Viewport Size" library="Browser">
<arg>1920</arg>
<arg>1080</arg>
<tag>BrowserControl</tag>
<tag>Setter</tag>
<doc>Sets current Pages viewport size to specified dimensions.</doc>
<msg timestamp="20210507 21:33:11.178" level="INFO">Set viewport size to: [object Object]</msg>
<status status="PASS" starttime="20210507 21:33:10.889" endtime="20210507 21:33:11.179"/>
</kw>
<kw name="Get Text" library="Browser">
<arg>css=span</arg>
<arg>contains</arg>
<arg>Nunca foi tão engraçado pedir comida</arg>
<tag>Assertion</tag>
<tag>Getter</tag>
<tag>PageContent</tag>
<doc>Returns text attribute of the element found by ``selector``.
See the `Finding elements` section for details about the selectors.</doc>
<status status="PASS" starttime="20210507 21:33:11.179" endtime="20210507 21:33:11.255"/>
</kw>
<status status="PASS" starttime="20210507 21:33:07.498" endtime="20210507 21:33:11.255"/>
</kw>
<kw name="Get JSON" library="base">
<var>${cart_json}</var>
<arg>cart.json</arg>
<kw name="Get File" library="OperatingSystem">
<var>${file}</var>
<arg>${EXECDIR}/resources/fixtures/${file_name}</arg>
<doc>Returns the contents of a specified file.</doc>
<msg timestamp="20210507 21:33:11.257" level="INFO" html="true">Getting file '&lt;a href="file://C:\rw5\parodifood\resources\fixtures\cart.json"&gt;C:\rw5\parodifood\resources\fixtures\cart.json&lt;/a&gt;'.</msg>
<msg timestamp="20210507 21:33:11.257" level="INFO">${file} = {
    "restaurant": "STARBUGS COFFEE",
    "desc": "Nada melhor que um café pra te ajudar a resolver um bug.",
    "products": [
        {
            "name": "Cappuccino com Chantilly"
        },
   ...</msg>
<status status="PASS" starttime="20210507 21:33:11.256" endtime="20210507 21:33:11.257"/>
</kw>
<kw name="Evaluate" library="BuiltIn">
<var>${super_var}</var>
<arg>json.loads($file)</arg>
<arg>json</arg>
<doc>Evaluates the given expression in Python and returns the result.</doc>
<msg timestamp="20210507 21:33:11.264" level="INFO">${super_var} = {'restaurant': 'STARBUGS COFFEE', 'desc': 'Nada melhor que um café pra te ajudar a resolver um bug.', 'products': [{'name': 'Cappuccino com Chantilly'}, {'name': 'Super Espreso'}, {'name': 'Starbugs 5...</msg>
<status status="PASS" starttime="20210507 21:33:11.257" endtime="20210507 21:33:11.264"/>
</kw>
<msg timestamp="20210507 21:33:11.264" level="INFO">${cart_json} = {'restaurant': 'STARBUGS COFFEE', 'desc': 'Nada melhor que um café pra te ajudar a resolver um bug.', 'products': [{'name': 'Cappuccino com Chantilly'}, {'name': 'Super Espreso'}, {'name': 'Starbugs 5...</msg>
<status status="PASS" starttime="20210507 21:33:11.256" endtime="20210507 21:33:11.264"/>
</kw>
<kw name="Go To Restaurants" library="search">
<kw name="Click" library="Browser">
<arg>text=Estou com fome!</arg>
<tag>PageContent</tag>
<tag>Setter</tag>
<doc>Simulates mouse click on the element found by ``selector``.</doc>
<status status="PASS" starttime="20210507 21:33:11.266" endtime="20210507 21:33:11.726"/>
</kw>
<kw name="Get Text" library="Browser">
<arg>css=h1 strong</arg>
<arg>contains</arg>
<arg>Ta na hora de matar a fome!</arg>
<tag>Assertion</tag>
<tag>Getter</tag>
<tag>PageContent</tag>
<doc>Returns text attribute of the element found by ``selector``.
See the `Finding elements` section for details about the selectors.</doc>
<status status="PASS" starttime="20210507 21:33:11.727" endtime="20210507 21:33:11.801"/>
</kw>
<status status="PASS" starttime="20210507 21:33:11.265" endtime="20210507 21:33:11.802"/>
</kw>
<kw name="Choose Restaurant" library="search">
<arg>${cart_json}</arg>
<kw name="Click" library="Browser">
<arg>text=${super_var["restaurant"]}</arg>
<tag>PageContent</tag>
<tag>Setter</tag>
<doc>Simulates mouse click on the element found by ``selector``.</doc>
<status status="PASS" starttime="20210507 21:33:11.803" endtime="20210507 21:33:13.400"/>
</kw>
<kw name="Wait For Elements State" library="Browser">
<arg>css=#detail</arg>
<arg>visible</arg>
<arg>${DEFAULT_TIMEOUT}</arg>
<tag>PageContent</tag>
<tag>Wait</tag>
<doc>Waits for the element found by ``selector`` to satisfy state option.</doc>
<msg timestamp="20210507 21:33:13.429" level="INFO">Wait for Element with selector: css=#detail</msg>
<status status="PASS" starttime="20210507 21:33:13.400" endtime="20210507 21:33:13.430"/>
</kw>
<kw name="Get Text" library="Browser">
<arg>css=#detail</arg>
<arg>contains</arg>
<arg>${super_var["desc"]}</arg>
<tag>Assertion</tag>
<tag>Getter</tag>
<tag>PageContent</tag>
<doc>Returns text attribute of the element found by ``selector``.
See the `Finding elements` section for details about the selectors.</doc>
<status status="PASS" starttime="20210507 21:33:13.430" endtime="20210507 21:33:14.129"/>
</kw>
<status status="PASS" starttime="20210507 21:33:11.802" endtime="20210507 21:33:14.129"/>
</kw>
<for flavor="IN">
<var>${product}</var>
<value>@{cart_json["products"]}</value>
<iter>
<var name="${product}">{'name': 'Cappuccino com Chantilly'}</var>
<kw name="Add To Cart" library="cart">
<arg>${product["name"]}</arg>
<kw name="Click" library="Browser">
<arg>xpath=//span[text()="${name}"]/..//a[@class="add-to-cart"]</arg>
<tag>PageContent</tag>
<tag>Setter</tag>
<doc>Simulates mouse click on the element found by ``selector``.</doc>
<status status="PASS" starttime="20210507 21:33:14.132" endtime="20210507 21:33:15.261"/>
</kw>
<status status="PASS" starttime="20210507 21:33:14.130" endtime="20210507 21:33:15.262"/>
</kw>
<kw name="Should Add To Cart" library="cart">
<arg>${product["name"]}</arg>
<kw name="Wait For Elements State" library="Browser">
<arg>css=#cart tr &gt;&gt; text=${name}</arg>
<arg>visible</arg>
<arg>${DEFAULT_TIMEOUT}</arg>
<tag>PageContent</tag>
<tag>Wait</tag>
<doc>Waits for the element found by ``selector`` to satisfy state option.</doc>
<msg timestamp="20210507 21:33:15.415" level="INFO">Wait for Element with selector: css=#cart tr &gt;&gt; text=Cappuccino com Chantilly</msg>
<status status="PASS" starttime="20210507 21:33:15.265" endtime="20210507 21:33:15.415"/>
</kw>
<status status="PASS" starttime="20210507 21:33:15.262" endtime="20210507 21:33:15.415"/>
</kw>
<status status="PASS" starttime="20210507 21:33:14.130" endtime="20210507 21:33:15.415"/>
</iter>
<iter>
<var name="${product}">{'name': 'Super Espreso'}</var>
<kw name="Add To Cart" library="cart">
<arg>${product["name"]}</arg>
<kw name="Click" library="Browser">
<arg>xpath=//span[text()="${name}"]/..//a[@class="add-to-cart"]</arg>
<tag>PageContent</tag>
<tag>Setter</tag>
<doc>Simulates mouse click on the element found by ``selector``.</doc>
<status status="PASS" starttime="20210507 21:33:15.417" endtime="20210507 21:33:15.949"/>
</kw>
<status status="PASS" starttime="20210507 21:33:15.416" endtime="20210507 21:33:15.949"/>
</kw>
<kw name="Should Add To Cart" library="cart">
<arg>${product["name"]}</arg>
<kw name="Wait For Elements State" library="Browser">
<arg>css=#cart tr &gt;&gt; text=${name}</arg>
<arg>visible</arg>
<arg>${DEFAULT_TIMEOUT}</arg>
<tag>PageContent</tag>
<tag>Wait</tag>
<doc>Waits for the element found by ``selector`` to satisfy state option.</doc>
<msg timestamp="20210507 21:33:16.014" level="INFO">Wait for Element with selector: css=#cart tr &gt;&gt; text=Super Espreso</msg>
<status status="PASS" starttime="20210507 21:33:15.951" endtime="20210507 21:33:16.014"/>
</kw>
<status status="PASS" starttime="20210507 21:33:15.949" endtime="20210507 21:33:16.015"/>
</kw>
<status status="PASS" starttime="20210507 21:33:15.415" endtime="20210507 21:33:16.015"/>
</iter>
<iter>
<var name="${product}">{'name': 'Starbugs 500 error'}</var>
<kw name="Add To Cart" library="cart">
<arg>${product["name"]}</arg>
<kw name="Click" library="Browser">
<arg>xpath=//span[text()="${name}"]/..//a[@class="add-to-cart"]</arg>
<tag>PageContent</tag>
<tag>Setter</tag>
<doc>Simulates mouse click on the element found by ``selector``.</doc>
<status status="PASS" starttime="20210507 21:33:16.016" endtime="20210507 21:33:16.355"/>
</kw>
<status status="PASS" starttime="20210507 21:33:16.015" endtime="20210507 21:33:16.355"/>
</kw>
<kw name="Should Add To Cart" library="cart">
<arg>${product["name"]}</arg>
<kw name="Wait For Elements State" library="Browser">
<arg>css=#cart tr &gt;&gt; text=${name}</arg>
<arg>visible</arg>
<arg>${DEFAULT_TIMEOUT}</arg>
<tag>PageContent</tag>
<tag>Wait</tag>
<doc>Waits for the element found by ``selector`` to satisfy state option.</doc>
<msg timestamp="20210507 21:33:16.440" level="INFO">Wait for Element with selector: css=#cart tr &gt;&gt; text=Starbugs 500 error</msg>
<status status="PASS" starttime="20210507 21:33:16.358" endtime="20210507 21:33:16.440"/>
</kw>
<status status="PASS" starttime="20210507 21:33:16.356" endtime="20210507 21:33:16.441"/>
</kw>
<status status="PASS" starttime="20210507 21:33:16.015" endtime="20210507 21:33:16.441"/>
</iter>
<status status="PASS" starttime="20210507 21:33:14.129" endtime="20210507 21:33:16.441"/>
</for>
<kw name="Total Cart Should Be" library="cart">
<arg>${cart_json["total"]}</arg>
<kw name="Log" library="BuiltIn">
<arg>${total}</arg>
<doc>Logs the given message with the given level.</doc>
<msg timestamp="20210507 21:33:16.443" level="INFO">38,00</msg>
<status status="PASS" starttime="20210507 21:33:16.443" endtime="20210507 21:33:16.443"/>
</kw>
<kw name="Get Text" library="Browser">
<arg>xpath=//th[contains(text(),"Total")]/../td</arg>
<arg>contains</arg>
<arg>${total}</arg>
<tag>Assertion</tag>
<tag>Getter</tag>
<tag>PageContent</tag>
<doc>Returns text attribute of the element found by ``selector``.
See the `Finding elements` section for details about the selectors.</doc>
<status status="PASS" starttime="20210507 21:33:16.444" endtime="20210507 21:33:16.496"/>
</kw>
<status status="PASS" starttime="20210507 21:33:16.442" endtime="20210507 21:33:16.496"/>
</kw>
<kw name="Take Screenshot" library="Browser" type="TEARDOWN">
<tag>PageContent</tag>
<doc>Takes a screenshot of the current window and saves it to ``path``. Saves it as a png.</doc>
<msg timestamp="20210507 21:33:16.659" level="INFO" html="true">&lt;/td&gt;&lt;/tr&gt;&lt;tr&gt;&lt;td colspan="3"&gt;&lt;a href="browser/screenshot/robotframework-browser-screenshot-5.png"&gt;&lt;img src="browser/screenshot/robotframework-browser-screenshot-5.png" width="800px"&gt;&lt;/a&gt;</msg>
<status status="PASS" starttime="20210507 21:33:16.497" endtime="20210507 21:33:16.660"/>
</kw>
<tag>temp</tag>
<status status="PASS" starttime="20210507 21:33:07.491" endtime="20210507 21:33:16.660"/>
</test>
<status status="PASS" starttime="20210507 21:32:59.303" endtime="20210507 21:33:16.789"/>
</suite>
<suite id="s1-s3" name="Pedido" source="C:\rw5\parodifood\tests\pedido.robot">
<test id="s1-s3-t1" name="Deve realizar um novo Pedido em Dinheiro">
<kw name="Start Session" library="base" type="SETUP">
<kw name="New Browser" library="Browser">
<arg>${browser}</arg>
<arg>${headless}</arg>
<tag>BrowserControl</tag>
<tag>Setter</tag>
<doc>Create a new playwright Browser with specified options.
See `Browser, Context and Page` for more information about Browser and related concepts.</doc>
<msg timestamp="20210507 21:33:16.852" level="INFO">{"browser": "webkit", "headless": false, "handleSIGINT": true, "handleSIGTERM": true, "handleSIGHUP": true, "timeout": 30000.0, "devtools": false, "slowMo": 0.0}</msg>
<msg timestamp="20210507 21:33:16.949" level="INFO">Successfully created browser with options: {"browser":"webkit","headless":false,"handleSIGINT":true,"handleSIGTERM":true,"handleSIGHUP":true,"timeout":30000,"devtools":false,"slowMo":0}</msg>
<status status="PASS" starttime="20210507 21:33:16.851" endtime="20210507 21:33:16.950"/>
</kw>
<kw name="New Page" library="Browser">
<arg>http://parodifood.qaninja.academy/</arg>
<tag>BrowserControl</tag>
<tag>Setter</tag>
<doc>Open a new Page. A Page is the Playwright equivalent to a tab.
See `Browser, Context and Page` for more information about Page concept.
Returns a stable identifier for the created page.</doc>
<msg timestamp="20210507 21:33:20.362" level="INFO">Successfully initialized new page object and opened url: http://parodifood.qaninja.academy/</msg>
<status status="PASS" starttime="20210507 21:33:16.950" endtime="20210507 21:33:20.362"/>
</kw>
<kw name="Set Viewport Size" library="Browser">
<arg>1920</arg>
<arg>1080</arg>
<tag>BrowserControl</tag>
<tag>Setter</tag>
<doc>Sets current Pages viewport size to specified dimensions.</doc>
<msg timestamp="20210507 21:33:20.655" level="INFO">Set viewport size to: [object Object]</msg>
<status status="PASS" starttime="20210507 21:33:20.363" endtime="20210507 21:33:20.656"/>
</kw>
<kw name="Get Text" library="Browser">
<arg>css=span</arg>
<arg>contains</arg>
<arg>Nunca foi tão engraçado pedir comida</arg>
<tag>Assertion</tag>
<tag>Getter</tag>
<tag>PageContent</tag>
<doc>Returns text attribute of the element found by ``selector``.
See the `Finding elements` section for details about the selectors.</doc>
<status status="PASS" starttime="20210507 21:33:20.656" endtime="20210507 21:33:20.731"/>
</kw>
<status status="PASS" starttime="20210507 21:33:16.850" endtime="20210507 21:33:20.731"/>
</kw>
<kw name="Get JSON" library="base">
<var>${order_json}</var>
<arg>order.json</arg>
<kw name="Get File" library="OperatingSystem">
<var>${file}</var>
<arg>${EXECDIR}/resources/fixtures/${file_name}</arg>
<doc>Returns the contents of a specified file.</doc>
<msg timestamp="20210507 21:33:20.734" level="INFO" html="true">Getting file '&lt;a href="file://C:\rw5\parodifood\resources\fixtures\order.json"&gt;C:\rw5\parodifood\resources\fixtures\order.json&lt;/a&gt;'.</msg>
<msg timestamp="20210507 21:33:20.734" level="INFO">${file} = {
    "restaurant": "DEBUGER KING",
    "desc": "40 anos se especializando em trash food.",
    "products": [
        {
            "name": "Woopper Burger"
        },
        {
            "name": "B...</msg>
<status status="PASS" starttime="20210507 21:33:20.733" endtime="20210507 21:33:20.734"/>
</kw>
<kw name="Evaluate" library="BuiltIn">
<var>${super_var}</var>
<arg>json.loads($file)</arg>
<arg>json</arg>
<doc>Evaluates the given expression in Python and returns the result.</doc>
<msg timestamp="20210507 21:33:20.735" level="INFO">${super_var} = {'restaurant': 'DEBUGER KING', 'desc': '40 anos se especializando em trash food.', 'products': [{'name': 'Woopper Burger'}, {'name': 'Batatas Fritas'}, {'name': 'Refrigerante'}], 'total': '28,50', 'cu...</msg>
<status status="PASS" starttime="20210507 21:33:20.735" endtime="20210507 21:33:20.735"/>
</kw>
<msg timestamp="20210507 21:33:20.736" level="INFO">${order_json} = {'restaurant': 'DEBUGER KING', 'desc': '40 anos se especializando em trash food.', 'products': [{'name': 'Woopper Burger'}, {'name': 'Batatas Fritas'}, {'name': 'Refrigerante'}], 'total': '28,50', 'cu...</msg>
<status status="PASS" starttime="20210507 21:33:20.733" endtime="20210507 21:33:20.736"/>
</kw>
<kw name="Go To Restaurants" library="search">
<kw name="Click" library="Browser">
<arg>text=Estou com fome!</arg>
<tag>PageContent</tag>
<tag>Setter</tag>
<doc>Simulates mouse click on the element found by ``selector``.</doc>
<status status="PASS" starttime="20210507 21:33:20.737" endtime="20210507 21:33:21.188"/>
</kw>
<kw name="Get Text" library="Browser">
<arg>css=h1 strong</arg>
<arg>contains</arg>
<arg>Ta na hora de matar a fome!</arg>
<tag>Assertion</tag>
<tag>Getter</tag>
<tag>PageContent</tag>
<doc>Returns text attribute of the element found by ``selector``.
See the `Finding elements` section for details about the selectors.</doc>
<status status="PASS" starttime="20210507 21:33:21.189" endtime="20210507 21:33:21.250"/>
</kw>
<status status="PASS" starttime="20210507 21:33:20.736" endtime="20210507 21:33:21.251"/>
</kw>
<kw name="Choose Restaurant" library="search">
<arg>${order_json}</arg>
<kw name="Click" library="Browser">
<arg>text=${super_var["restaurant"]}</arg>
<tag>PageContent</tag>
<tag>Setter</tag>
<doc>Simulates mouse click on the element found by ``selector``.</doc>
<status status="PASS" starttime="20210507 21:33:21.253" endtime="20210507 21:33:22.631"/>
</kw>
<kw name="Wait For Elements State" library="Browser">
<arg>css=#detail</arg>
<arg>visible</arg>
<arg>${DEFAULT_TIMEOUT}</arg>
<tag>PageContent</tag>
<tag>Wait</tag>
<doc>Waits for the element found by ``selector`` to satisfy state option.</doc>
<msg timestamp="20210507 21:33:22.661" level="INFO">Wait for Element with selector: css=#detail</msg>
<status status="PASS" starttime="20210507 21:33:22.631" endtime="20210507 21:33:22.661"/>
</kw>
<kw name="Get Text" library="Browser">
<arg>css=#detail</arg>
<arg>contains</arg>
<arg>${super_var["desc"]}</arg>
<tag>Assertion</tag>
<tag>Getter</tag>
<tag>PageContent</tag>
<doc>Returns text attribute of the element found by ``selector``.
See the `Finding elements` section for details about the selectors.</doc>
<status status="PASS" starttime="20210507 21:33:22.662" endtime="20210507 21:33:23.397"/>
</kw>
<status status="PASS" starttime="20210507 21:33:21.252" endtime="20210507 21:33:23.398"/>
</kw>
<for flavor="IN">
<var>${product}</var>
<value>@{order_json["products"]}</value>
<iter>
<var name="${product}">{'name': 'Woopper Burger'}</var>
<kw name="Add To Cart" library="cart">
<arg>${product["name"]}</arg>
<kw name="Click" library="Browser">
<arg>xpath=//span[text()="${name}"]/..//a[@class="add-to-cart"]</arg>
<tag>PageContent</tag>
<tag>Setter</tag>
<doc>Simulates mouse click on the element found by ``selector``.</doc>
<status status="PASS" starttime="20210507 21:33:23.401" endtime="20210507 21:33:24.550"/>
</kw>
<status status="PASS" starttime="20210507 21:33:23.400" endtime="20210507 21:33:24.550"/>
</kw>
<kw name="Should Add To Cart" library="cart">
<arg>${product["name"]}</arg>
<kw name="Wait For Elements State" library="Browser">
<arg>css=#cart tr &gt;&gt; text=${name}</arg>
<arg>visible</arg>
<arg>${DEFAULT_TIMEOUT}</arg>
<tag>PageContent</tag>
<tag>Wait</tag>
<doc>Waits for the element found by ``selector`` to satisfy state option.</doc>
<msg timestamp="20210507 21:33:24.661" level="INFO">Wait for Element with selector: css=#cart tr &gt;&gt; text=Woopper Burger</msg>
<status status="PASS" starttime="20210507 21:33:24.552" endtime="20210507 21:33:24.662"/>
</kw>
<status status="PASS" starttime="20210507 21:33:24.551" endtime="20210507 21:33:24.662"/>
</kw>
<status status="PASS" starttime="20210507 21:33:23.399" endtime="20210507 21:33:24.662"/>
</iter>
<iter>
<var name="${product}">{'name': 'Batatas Fritas'}</var>
<kw name="Add To Cart" library="cart">
<arg>${product["name"]}</arg>
<kw name="Click" library="Browser">
<arg>xpath=//span[text()="${name}"]/..//a[@class="add-to-cart"]</arg>
<tag>PageContent</tag>
<tag>Setter</tag>
<doc>Simulates mouse click on the element found by ``selector``.</doc>
<status status="PASS" starttime="20210507 21:33:24.664" endtime="20210507 21:33:25.148"/>
</kw>
<status status="PASS" starttime="20210507 21:33:24.662" endtime="20210507 21:33:25.148"/>
</kw>
<kw name="Should Add To Cart" library="cart">
<arg>${product["name"]}</arg>
<kw name="Wait For Elements State" library="Browser">
<arg>css=#cart tr &gt;&gt; text=${name}</arg>
<arg>visible</arg>
<arg>${DEFAULT_TIMEOUT}</arg>
<tag>PageContent</tag>
<tag>Wait</tag>
<doc>Waits for the element found by ``selector`` to satisfy state option.</doc>
<msg timestamp="20210507 21:33:25.207" level="INFO">Wait for Element with selector: css=#cart tr &gt;&gt; text=Batatas Fritas</msg>
<status status="PASS" starttime="20210507 21:33:25.150" endtime="20210507 21:33:25.207"/>
</kw>
<status status="PASS" starttime="20210507 21:33:25.148" endtime="20210507 21:33:25.208"/>
</kw>
<status status="PASS" starttime="20210507 21:33:24.662" endtime="20210507 21:33:25.208"/>
</iter>
<iter>
<var name="${product}">{'name': 'Refrigerante'}</var>
<kw name="Add To Cart" library="cart">
<arg>${product["name"]}</arg>
<kw name="Click" library="Browser">
<arg>xpath=//span[text()="${name}"]/..//a[@class="add-to-cart"]</arg>
<tag>PageContent</tag>
<tag>Setter</tag>
<doc>Simulates mouse click on the element found by ``selector``.</doc>
<status status="PASS" starttime="20210507 21:33:25.213" endtime="20210507 21:33:25.619"/>
</kw>
<status status="PASS" starttime="20210507 21:33:25.209" endtime="20210507 21:33:25.620"/>
</kw>
<kw name="Should Add To Cart" library="cart">
<arg>${product["name"]}</arg>
<kw name="Wait For Elements State" library="Browser">
<arg>css=#cart tr &gt;&gt; text=${name}</arg>
<arg>visible</arg>
<arg>${DEFAULT_TIMEOUT}</arg>
<tag>PageContent</tag>
<tag>Wait</tag>
<doc>Waits for the element found by ``selector`` to satisfy state option.</doc>
<msg timestamp="20210507 21:33:25.688" level="INFO">Wait for Element with selector: css=#cart tr &gt;&gt; text=Refrigerante</msg>
<status status="PASS" starttime="20210507 21:33:25.621" endtime="20210507 21:33:25.688"/>
</kw>
<status status="PASS" starttime="20210507 21:33:25.620" endtime="20210507 21:33:25.689"/>
</kw>
<status status="PASS" starttime="20210507 21:33:25.208" endtime="20210507 21:33:25.689"/>
</iter>
<status status="PASS" starttime="20210507 21:33:23.398" endtime="20210507 21:33:25.689"/>
</for>
<kw name="Go Checkout" library="order">
<kw name="Click" library="Browser">
<arg>text=Fechar Pedido</arg>
<tag>PageContent</tag>
<tag>Setter</tag>
<doc>Simulates mouse click on the element found by ``selector``.</doc>
<status status="PASS" starttime="20210507 21:33:25.690" endtime="20210507 21:33:26.029"/>
</kw>
<kw name="Set Variable" library="BuiltIn">
<var>${element}</var>
<arg>css=.page-header</arg>
<doc>Returns the given values which can then be assigned to a variables.</doc>
<msg timestamp="20210507 21:33:26.030" level="INFO">${element} = css=.page-header</msg>
<status status="PASS" starttime="20210507 21:33:26.029" endtime="20210507 21:33:26.030"/>
</kw>
<kw name="Wait For Elements State" library="Browser">
<arg>${element}</arg>
<arg>visible</arg>
<arg>${DEFAULT_TIMEOUT}</arg>
<tag>PageContent</tag>
<tag>Wait</tag>
<doc>Waits for the element found by ``selector`` to satisfy state option.</doc>
<msg timestamp="20210507 21:33:26.086" level="INFO">Wait for Element with selector: css=.page-header</msg>
<status status="PASS" starttime="20210507 21:33:26.031" endtime="20210507 21:33:26.086"/>
</kw>
<kw name="Get Text" library="Browser">
<arg>${element}</arg>
<arg>contains</arg>
<arg>Finalize o seu pedido</arg>
<tag>Assertion</tag>
<tag>Getter</tag>
<tag>PageContent</tag>
<doc>Returns text attribute of the element found by ``selector``.
See the `Finding elements` section for details about the selectors.</doc>
<status status="PASS" starttime="20210507 21:33:26.087" endtime="20210507 21:33:26.119"/>
</kw>
<status status="PASS" starttime="20210507 21:33:25.689" endtime="20210507 21:33:26.119"/>
</kw>
<kw name="Fill Data Customer" library="order">
<arg>${order_json["customer"]}</arg>
<kw name="Fill Text" library="Browser">
<arg>css=input[placeholder="Nome"]</arg>
<arg>${customer["name"]}</arg>
<tag>PageContent</tag>
<tag>Setter</tag>
<doc>Clears and fills the given ``text`` into the text field found by ``selector``.</doc>
<msg timestamp="20210507 21:33:26.121" level="INFO">Fills the text 'Rodrigo Soares' in the given field.</msg>
<status status="PASS" starttime="20210507 21:33:26.121" endtime="20210507 21:33:26.250"/>
</kw>
<kw name="Fill Text" library="Browser">
<arg>css=input[placeholder="E-mail"]</arg>
<arg>${customer["email"]}</arg>
<tag>PageContent</tag>
<tag>Setter</tag>
<doc>Clears and fills the given ``text`` into the text field found by ``selector``.</doc>
<msg timestamp="20210507 21:33:26.251" level="INFO">Fills the text 'rodrigo@teste.com' in the given field.</msg>
<status status="PASS" starttime="20210507 21:33:26.250" endtime="20210507 21:33:26.526"/>
</kw>
<kw name="Fill Text" library="Browser">
<arg>css=input[placeholder^="Confirmação"]</arg>
<arg>${customer["email"]}</arg>
<tag>PageContent</tag>
<tag>Setter</tag>
<doc>Clears and fills the given ``text`` into the text field found by ``selector``.</doc>
<msg timestamp="20210507 21:33:26.528" level="INFO">Fills the text 'rodrigo@teste.com' in the given field.</msg>
<status status="PASS" starttime="20210507 21:33:26.527" endtime="20210507 21:33:26.699"/>
</kw>
<kw name="Fill Text" library="Browser">
<arg>css=input[placeholder="Endereço"]</arg>
<arg>${customer["address"]}</arg>
<tag>PageContent</tag>
<tag>Setter</tag>
<doc>Clears and fills the given ``text`` into the text field found by ``selector``.</doc>
<msg timestamp="20210507 21:33:26.700" level="INFO">Fills the text 'Rua dos catis' in the given field.</msg>
<status status="PASS" starttime="20210507 21:33:26.699" endtime="20210507 21:33:26.911"/>
</kw>
<kw name="Fill Text" library="Browser">
<arg>css=input[placeholder="Número"]</arg>
<arg>${customer["number"]}</arg>
<tag>PageContent</tag>
<tag>Setter</tag>
<doc>Clears and fills the given ``text`` into the text field found by ``selector``.</doc>
<msg timestamp="20210507 21:33:26.913" level="INFO">Fills the text '1234' in the given field.</msg>
<status status="PASS" starttime="20210507 21:33:26.912" endtime="20210507 21:33:27.137"/>
</kw>
<status status="PASS" starttime="20210507 21:33:26.119" endtime="20210507 21:33:27.138"/>
</kw>
<kw name="Select Payment Option" library="order">
<arg>${order_json["payment"]}</arg>
<if>
<branch type="IF" condition="&quot;${payment}&quot; == &quot;Dinheiro&quot;">
<kw name="Click" library="Browser">
<arg>xpath=(//mt-radio//label)[1]//div</arg>
<tag>PageContent</tag>
<tag>Setter</tag>
<doc>Simulates mouse click on the element found by ``selector``.</doc>
<status status="PASS" starttime="20210507 21:33:27.140" endtime="20210507 21:33:27.494"/>
</kw>
<status status="PASS" starttime="20210507 21:33:27.140" endtime="20210507 21:33:27.494"/>
</branch>
<branch type="ELSE IF" condition="${payment} == &quot;Cartão de Débito&quot;">
<kw name="Click" library="Browser">
<arg>xpath=(//mt-radio//label)[2]//div</arg>
<tag>PageContent</tag>
<tag>Setter</tag>
<doc>Simulates mouse click on the element found by ``selector``.</doc>
<status status="NOT RUN" starttime="20210507 21:33:27.494" endtime="20210507 21:33:27.494"/>
</kw>
<status status="NOT RUN" starttime="20210507 21:33:27.494" endtime="20210507 21:33:27.494"/>
</branch>
<branch type="ELSE IF" condition="${payment} == &quot;Refeição&quot;">
<kw name="Click" library="Browser">
<arg>xpath=(//mt-radio//label)[3]//div</arg>
<tag>PageContent</tag>
<tag>Setter</tag>
<doc>Simulates mouse click on the element found by ``selector``.</doc>
<status status="NOT RUN" starttime="20210507 21:33:27.495" endtime="20210507 21:33:27.495"/>
</kw>
<status status="NOT RUN" starttime="20210507 21:33:27.494" endtime="20210507 21:33:27.495"/>
</branch>
<branch type="ELSE">
<kw name="Fail" library="BuiltIn">
<arg>Incorrect payment type</arg>
<doc>Fails the test with the given message and optionally alters its tags.</doc>
<status status="NOT RUN" starttime="20210507 21:33:27.496" endtime="20210507 21:33:27.496"/>
</kw>
<status status="NOT RUN" starttime="20210507 21:33:27.495" endtime="20210507 21:33:27.496"/>
</branch>
<status status="PASS" starttime="20210507 21:33:27.139" endtime="20210507 21:33:27.496"/>
</if>
<status status="PASS" starttime="20210507 21:33:27.138" endtime="20210507 21:33:27.496"/>
</kw>
<kw name="Pay Order" library="order">
<kw name="Click" library="Browser">
<arg>text=Concluir Pedido</arg>
<tag>PageContent</tag>
<tag>Setter</tag>
<doc>Simulates mouse click on the element found by ``selector``.</doc>
<status status="PASS" starttime="20210507 21:33:27.500" endtime="20210507 21:33:27.788"/>
</kw>
<status status="PASS" starttime="20210507 21:33:27.498" endtime="20210507 21:33:27.789"/>
</kw>
<kw name="Order Should Be Completed" library="order">
<kw name="Wait For Elements State" library="Browser">
<arg>css=p &gt;&gt; text=Seu pedido foi recebido pelo restaurante.</arg>
<arg>visible</arg>
<arg>${DEFAULT_TIMEOUT}</arg>
<tag>PageContent</tag>
<tag>Wait</tag>
<doc>Waits for the element found by ``selector`` to satisfy state option.</doc>
<msg timestamp="20210507 21:33:29.247" level="INFO">Wait for Element with selector: css=p &gt;&gt; text=Seu pedido foi recebido pelo restaurante.</msg>
<status status="PASS" starttime="20210507 21:33:27.791" endtime="20210507 21:33:29.247"/>
</kw>
<status status="PASS" starttime="20210507 21:33:27.791" endtime="20210507 21:33:29.247"/>
</kw>
<kw name="Take Screenshot" library="Browser" type="TEARDOWN">
<tag>PageContent</tag>
<doc>Takes a screenshot of the current window and saves it to ``path``. Saves it as a png.</doc>
<msg timestamp="20210507 21:33:29.370" level="INFO" html="true">&lt;/td&gt;&lt;/tr&gt;&lt;tr&gt;&lt;td colspan="3"&gt;&lt;a href="browser/screenshot/robotframework-browser-screenshot-6.png"&gt;&lt;img src="browser/screenshot/robotframework-browser-screenshot-6.png" width="800px"&gt;&lt;/a&gt;</msg>
<status status="PASS" starttime="20210507 21:33:29.248" endtime="20210507 21:33:29.371"/>
</kw>
<status status="PASS" starttime="20210507 21:33:16.844" endtime="20210507 21:33:29.371"/>
</test>
<status status="PASS" starttime="20210507 21:33:16.804" endtime="20210507 21:33:29.450"/>
</suite>
<status status="PASS" starttime="20210507 21:32:34.138" endtime="20210507 21:33:29.466"/>
</suite>
<statistics>
<total>
<stat pass="6" fail="0" skip="0">All Tests</stat>
</total>
<tag>
<stat pass="1" fail="0" skip="0">temp</stat>
</tag>
<suite>
<stat pass="6" fail="0" skip="0" id="s1" name="Tests">Tests</stat>
<stat pass="3" fail="0" skip="0" id="s1-s1" name="Busca">Tests.Busca</stat>
<stat pass="2" fail="0" skip="0" id="s1-s2" name="Carrinho">Tests.Carrinho</stat>
<stat pass="1" fail="0" skip="0" id="s1-s3" name="Pedido">Tests.Pedido</stat>
</suite>
</statistics>
<errors>
</errors>
</robot>
